Loading required package: MatrixEQTL
Rows read: 100,000
Rows read: 200,000
Rows read: 300,000
Rows read: 400,000
Rows read: 500,000
Rows read: 600,000
Rows read: 700,000
Rows read: 740357 done.
Rows read: 11958 done.
Rows read: 13 done.
Matching data files and location files
11958 of 11958 genes matched
740357 of 740357 SNPs matched

Task finished in 0.377 seconds
Reordering genes
Task finished in 0.63 seconds
Processing covariates
Task finished in 0.009 seconds
Processing gene expression data (imputation, residualization)
Task finished in 0.282 seconds
Creating output file(s)
Task finished in 0.05 seconds
Performing eQTL analysis
12.50% done, 75,281 cis-eQTLs
25.00% done, 120,745 cis-eQTLs
37.50% done, 313,948 cis-eQTLs
50.00% done, 373,478 cis-eQTLs
62.50% done, 460,155 cis-eQTLs
75.00% done, 542,616 cis-eQTLs
87.50% done, 706,575 cis-eQTLs
100.00% done, 744,015 cis-eQTLs
Task finished in 3554.182 seconds

