Loading required package: MatrixEQTL
Rows read: 100,000
Rows read: 200,000
Rows read: 300,000
Rows read: 400,000
Rows read: 500,000
Rows read: 600,000
Rows read: 700,000
Rows read: 740357 done.
Rows read: 11958 done.
Matching data files and location files
11958 of 11958 genes matched
740357 of 740357 SNPs matched

Task finished in 0.194 seconds
Reordering genes
Task finished in 0.533 seconds
Processing covariates
Task finished in 0.008 seconds
Processing gene expression data (imputation, residualization)
Task finished in 0.069 seconds
Creating output file(s)
Task finished in 0.04 seconds
Performing eQTL analysis
12.50% done, 77,462 cis-eQTLs
25.00% done, 124,486 cis-eQTLs
37.50% done, 318,738 cis-eQTLs
50.00% done, 379,694 cis-eQTLs
62.50% done, 469,318 cis-eQTLs
75.00% done, 555,569 cis-eQTLs
87.50% done, 724,482 cis-eQTLs
100.00% done, 762,418 cis-eQTLs
Task finished in 1501.23 seconds

