Loading required package: MatrixEQTL
Rows read: 100,000
Rows read: 200,000
Rows read: 300,000
Rows read: 400,000
Rows read: 500,000
Rows read: 600,000
Rows read: 700,000
Rows read: 740357 done.
Rows read: 11958 done.
Matching data files and location files
11958 of 11958 genes matched
740357 of 740357 SNPs matched

Task finished in 0.385 seconds
Reordering genes
Task finished in 0.651 seconds
Processing covariates
Task finished in 0.008 seconds
Processing gene expression data (imputation, residualization)
Task finished in 0.159 seconds
Creating output file(s)
Task finished in 0.034 seconds
Performing eQTL analysis
12.50% done, 127,237 cis-eQTLs
25.00% done, 199,891 cis-eQTLs
37.50% done, 493,807 cis-eQTLs
50.00% done, 589,815 cis-eQTLs
62.50% done, 741,405 cis-eQTLs
75.00% done, 873,874 cis-eQTLs
87.50% done, 1,148,566 cis-eQTLs
100.00% done, 1,215,374 cis-eQTLs
Task finished in 3574.26 seconds

